2023-04-15 17:50:17,707 [Worker-2: Loading available Gradle versions] INFO  o.e.b.c.i.u.g.PublishedGradleVersions - Gradle version information cache is up-to-date. Trying to read.
2023-04-15 17:54:17,444 [Worker-31: Launching mavenrun-0645b4fb-c8c7-4393-992a-9e5be8da9775] INFO  o.eclipse.m2e.core.internal.Bundles - getClasspathEntries(Bundle=org.eclipse.m2e.maven.runtime_3.8.701.20230209-1606 [607])
2023-04-15 17:54:17,448 [Worker-31: Launching mavenrun-0645b4fb-c8c7-4393-992a-9e5be8da9775] INFO  o.eclipse.m2e.core.internal.Bundles - 	Entry: C:\Users\ACER\.p2\pool\plugins\org.eclipse.m2e.maven.runtime_3.8.701.20230209-1606
2023-04-15 17:54:17,448 [Worker-31: Launching mavenrun-0645b4fb-c8c7-4393-992a-9e5be8da9775] INFO  o.eclipse.m2e.core.internal.Bundles - 	Entry: C:\Users\ACER\.p2\pool\plugins\org.eclipse.m2e.maven.runtime_3.8.701.20230209-1606\jars\aether-connector-okhttp-0.17.8.jar
2023-04-15 17:54:17,449 [Worker-31: Launching mavenrun-0645b4fb-c8c7-4393-992a-9e5be8da9775] INFO  o.eclipse.m2e.core.internal.Bundles - 	Entry: C:\Users\ACER\.p2\pool\plugins\org.eclipse.m2e.maven.runtime_3.8.701.20230209-1606\jars\commons-lang3-3.8.1.jar
2023-04-15 17:54:17,449 [Worker-31: Launching mavenrun-0645b4fb-c8c7-4393-992a-9e5be8da9775] INFO  o.eclipse.m2e.core.internal.Bundles - 	Entry: C:\Users\ACER\.p2\pool\plugins\org.eclipse.m2e.maven.runtime_3.8.701.20230209-1606\jars\guice-4.2.2-no_aop.jar
2023-04-15 17:54:17,449 [Worker-31: Launching mavenrun-0645b4fb-c8c7-4393-992a-9e5be8da9775] INFO  o.eclipse.m2e.core.internal.Bundles - 	Entry: C:\Users\ACER\.p2\pool\plugins\org.eclipse.m2e.maven.runtime_3.8.701.20230209-1606\jars\jansi-2.4.0.jar
2023-04-15 17:54:17,449 [Worker-31: Launching mavenrun-0645b4fb-c8c7-4393-992a-9e5be8da9775] INFO  o.eclipse.m2e.core.internal.Bundles - 	Entry: C:\Users\ACER\.p2\pool\plugins\org.eclipse.m2e.maven.runtime_3.8.701.20230209-1606\jars\maven-artifact-3.8.7.jar
2023-04-15 17:54:17,449 [Worker-31: Launching mavenrun-0645b4fb-c8c7-4393-992a-9e5be8da9775] INFO  o.eclipse.m2e.core.internal.Bundles - 	Entry: C:\Users\ACER\.p2\pool\plugins\org.eclipse.m2e.maven.runtime_3.8.701.20230209-1606\jars\maven-builder-support-3.8.7.jar
2023-04-15 17:54:17,449 [Worker-31: Launching mavenrun-0645b4fb-c8c7-4393-992a-9e5be8da9775] INFO  o.eclipse.m2e.core.internal.Bundles - 	Entry: C:\Users\ACER\.p2\pool\plugins\org.eclipse.m2e.maven.runtime_3.8.701.20230209-1606\jars\maven-compat-3.8.7.jar
2023-04-15 17:54:17,449 [Worker-31: Launching mavenrun-0645b4fb-c8c7-4393-992a-9e5be8da9775] INFO  o.eclipse.m2e.core.internal.Bundles - 	Entry: C:\Users\ACER\.p2\pool\plugins\org.eclipse.m2e.maven.runtime_3.8.701.20230209-1606\jars\maven-core-3.8.7.jar
2023-04-15 17:54:17,449 [Worker-31: Launching mavenrun-0645b4fb-c8c7-4393-992a-9e5be8da9775] INFO  o.eclipse.m2e.core.internal.Bundles - 	Entry: C:\Users\ACER\.p2\pool\plugins\org.eclipse.m2e.maven.runtime_3.8.701.20230209-1606\jars\maven-embedder-3.8.7.jar
2023-04-15 17:54:17,449 [Worker-31: Launching mavenrun-0645b4fb-c8c7-4393-992a-9e5be8da9775] INFO  o.eclipse.m2e.core.internal.Bundles - 	Entry: C:\Users\ACER\.p2\pool\plugins\org.eclipse.m2e.maven.runtime_3.8.701.20230209-1606\jars\maven-model-3.8.7.jar
2023-04-15 17:54:17,449 [Worker-31: Launching mavenrun-0645b4fb-c8c7-4393-992a-9e5be8da9775] INFO  o.eclipse.m2e.core.internal.Bundles - 	Entry: C:\Users\ACER\.p2\pool\plugins\org.eclipse.m2e.maven.runtime_3.8.701.20230209-1606\jars\maven-model-builder-3.8.7.jar
2023-04-15 17:54:17,450 [Worker-31: Launching mavenrun-0645b4fb-c8c7-4393-992a-9e5be8da9775] INFO  o.eclipse.m2e.core.internal.Bundles - 	Entry: C:\Users\ACER\.p2\pool\plugins\org.eclipse.m2e.maven.runtime_3.8.701.20230209-1606\jars\maven-plugin-api-3.8.7.jar
2023-04-15 17:54:17,450 [Worker-31: Launching mavenrun-0645b4fb-c8c7-4393-992a-9e5be8da9775] INFO  o.eclipse.m2e.core.internal.Bundles - 	Entry: C:\Users\ACER\.p2\pool\plugins\org.eclipse.m2e.maven.runtime_3.8.701.20230209-1606\jars\maven-repository-metadata-3.8.7.jar
2023-04-15 17:54:17,450 [Worker-31: Launching mavenrun-0645b4fb-c8c7-4393-992a-9e5be8da9775] INFO  o.eclipse.m2e.core.internal.Bundles - 	Entry: C:\Users\ACER\.p2\pool\plugins\org.eclipse.m2e.maven.runtime_3.8.701.20230209-1606\jars\maven-resolver-api-1.6.3.jar
2023-04-15 17:54:17,450 [Worker-31: Launching mavenrun-0645b4fb-c8c7-4393-992a-9e5be8da9775] INFO  o.eclipse.m2e.core.internal.Bundles - 	Entry: C:\Users\ACER\.p2\pool\plugins\org.eclipse.m2e.maven.runtime_3.8.701.20230209-1606\jars\maven-resolver-connector-basic-1.6.3.jar
2023-04-15 17:54:17,450 [Worker-31: Launching mavenrun-0645b4fb-c8c7-4393-992a-9e5be8da9775] INFO  o.eclipse.m2e.core.internal.Bundles - 	Entry: C:\Users\ACER\.p2\pool\plugins\org.eclipse.m2e.maven.runtime_3.8.701.20230209-1606\jars\maven-resolver-impl-1.6.3.jar
2023-04-15 17:54:17,450 [Worker-31: Launching mavenrun-0645b4fb-c8c7-4393-992a-9e5be8da9775] INFO  o.eclipse.m2e.core.internal.Bundles - 	Entry: C:\Users\ACER\.p2\pool\plugins\org.eclipse.m2e.maven.runtime_3.8.701.20230209-1606\jars\maven-resolver-provider-3.8.7.jar
2023-04-15 17:54:17,450 [Worker-31: Launching mavenrun-0645b4fb-c8c7-4393-992a-9e5be8da9775] INFO  o.eclipse.m2e.core.internal.Bundles - 	Entry: C:\Users\ACER\.p2\pool\plugins\org.eclipse.m2e.maven.runtime_3.8.701.20230209-1606\jars\maven-resolver-spi-1.6.3.jar
2023-04-15 17:54:17,450 [Worker-31: Launching mavenrun-0645b4fb-c8c7-4393-992a-9e5be8da9775] INFO  o.eclipse.m2e.core.internal.Bundles - 	Entry: C:\Users\ACER\.p2\pool\plugins\org.eclipse.m2e.maven.runtime_3.8.701.20230209-1606\jars\maven-resolver-transport-wagon-1.6.3.jar
2023-04-15 17:54:17,450 [Worker-31: Launching mavenrun-0645b4fb-c8c7-4393-992a-9e5be8da9775] INFO  o.eclipse.m2e.core.internal.Bundles - 	Entry: C:\Users\ACER\.p2\pool\plugins\org.eclipse.m2e.maven.runtime_3.8.701.20230209-1606\jars\maven-resolver-util-1.6.3.jar
2023-04-15 17:54:17,451 [Worker-31: Launching mavenrun-0645b4fb-c8c7-4393-992a-9e5be8da9775] INFO  o.eclipse.m2e.core.internal.Bundles - 	Entry: C:\Users\ACER\.p2\pool\plugins\org.eclipse.m2e.maven.runtime_3.8.701.20230209-1606\jars\maven-settings-3.8.7.jar
2023-04-15 17:54:17,451 [Worker-31: Launching mavenrun-0645b4fb-c8c7-4393-992a-9e5be8da9775] INFO  o.eclipse.m2e.core.internal.Bundles - 	Entry: C:\Users\ACER\.p2\pool\plugins\org.eclipse.m2e.maven.runtime_3.8.701.20230209-1606\jars\maven-settings-builder-3.8.7.jar
2023-04-15 17:54:17,451 [Worker-31: Launching mavenrun-0645b4fb-c8c7-4393-992a-9e5be8da9775] INFO  o.eclipse.m2e.core.internal.Bundles - 	Entry: C:\Users\ACER\.p2\pool\plugins\org.eclipse.m2e.maven.runtime_3.8.701.20230209-1606\jars\maven-shared-utils-3.3.4.jar
2023-04-15 17:54:17,451 [Worker-31: Launching mavenrun-0645b4fb-c8c7-4393-992a-9e5be8da9775] INFO  o.eclipse.m2e.core.internal.Bundles - 	Entry: C:\Users\ACER\.p2\pool\plugins\org.eclipse.m2e.maven.runtime_3.8.701.20230209-1606\jars\okhttp-3.14.1.jar
2023-04-15 17:54:17,451 [Worker-31: Launching mavenrun-0645b4fb-c8c7-4393-992a-9e5be8da9775] INFO  o.eclipse.m2e.core.internal.Bundles - 	Entry: C:\Users\ACER\.p2\pool\plugins\org.eclipse.m2e.maven.runtime_3.8.701.20230209-1606\jars\okio-1.17.3.jar
2023-04-15 17:54:17,451 [Worker-31: Launching mavenrun-0645b4fb-c8c7-4393-992a-9e5be8da9775] INFO  o.eclipse.m2e.core.internal.Bundles - 	Entry: C:\Users\ACER\.p2\pool\plugins\org.eclipse.m2e.maven.runtime_3.8.701.20230209-1606\jars\org.eclipse.sisu.inject-0.3.5.jar
2023-04-15 17:54:17,451 [Worker-31: Launching mavenrun-0645b4fb-c8c7-4393-992a-9e5be8da9775] INFO  o.eclipse.m2e.core.internal.Bundles - 	Entry: C:\Users\ACER\.p2\pool\plugins\org.eclipse.m2e.maven.runtime_3.8.701.20230209-1606\jars\org.eclipse.sisu.plexus-0.3.5.jar
2023-04-15 17:54:17,451 [Worker-31: Launching mavenrun-0645b4fb-c8c7-4393-992a-9e5be8da9775] INFO  o.eclipse.m2e.core.internal.Bundles - 	Entry: C:\Users\ACER\.p2\pool\plugins\org.eclipse.m2e.maven.runtime_3.8.701.20230209-1606\jars\plexus-build-api-0.0.7.jar
2023-04-15 17:54:17,451 [Worker-31: Launching mavenrun-0645b4fb-c8c7-4393-992a-9e5be8da9775] INFO  o.eclipse.m2e.core.internal.Bundles - 	Entry: C:\Users\ACER\.p2\pool\plugins\org.eclipse.m2e.maven.runtime_3.8.701.20230209-1606\jars\plexus-cipher-2.0.jar
2023-04-15 17:54:17,452 [Worker-31: Launching mavenrun-0645b4fb-c8c7-4393-992a-9e5be8da9775] INFO  o.eclipse.m2e.core.internal.Bundles - 	Entry: C:\Users\ACER\.p2\pool\plugins\org.eclipse.m2e.maven.runtime_3.8.701.20230209-1606\jars\plexus-classworlds-2.6.0.jar
2023-04-15 17:54:17,452 [Worker-31: Launching mavenrun-0645b4fb-c8c7-4393-992a-9e5be8da9775] INFO  o.eclipse.m2e.core.internal.Bundles - 	Entry: C:\Users\ACER\.p2\pool\plugins\org.eclipse.m2e.maven.runtime_3.8.701.20230209-1606\jars\plexus-component-annotations-2.1.0.jar
2023-04-15 17:54:17,452 [Worker-31: Launching mavenrun-0645b4fb-c8c7-4393-992a-9e5be8da9775] INFO  o.eclipse.m2e.core.internal.Bundles - 	Entry: C:\Users\ACER\.p2\pool\plugins\org.eclipse.m2e.maven.runtime_3.8.701.20230209-1606\jars\plexus-interpolation-1.26.jar
2023-04-15 17:54:17,452 [Worker-31: Launching mavenrun-0645b4fb-c8c7-4393-992a-9e5be8da9775] INFO  o.eclipse.m2e.core.internal.Bundles - 	Entry: C:\Users\ACER\.p2\pool\plugins\org.eclipse.m2e.maven.runtime_3.8.701.20230209-1606\jars\plexus-sec-dispatcher-2.0.jar
2023-04-15 17:54:17,452 [Worker-31: Launching mavenrun-0645b4fb-c8c7-4393-992a-9e5be8da9775] INFO  o.eclipse.m2e.core.internal.Bundles - 	Entry: C:\Users\ACER\.p2\pool\plugins\org.eclipse.m2e.maven.runtime_3.8.701.20230209-1606\jars\plexus-utils-3.3.1.jar
2023-04-15 17:54:17,452 [Worker-31: Launching mavenrun-0645b4fb-c8c7-4393-992a-9e5be8da9775] INFO  o.eclipse.m2e.core.internal.Bundles - 	Entry: C:\Users\ACER\.p2\pool\plugins\org.eclipse.m2e.maven.runtime_3.8.701.20230209-1606\jars\wagon-file-3.5.3.jar
2023-04-15 17:54:17,452 [Worker-31: Launching mavenrun-0645b4fb-c8c7-4393-992a-9e5be8da9775] INFO  o.eclipse.m2e.core.internal.Bundles - 	Entry: C:\Users\ACER\.p2\pool\plugins\org.eclipse.m2e.maven.runtime_3.8.701.20230209-1606\jars\wagon-provider-api-3.5.3.jar
2023-04-15 17:54:17,455 [Worker-31: Launching mavenrun-0645b4fb-c8c7-4393-992a-9e5be8da9775] INFO  o.eclipse.m2e.core.internal.Bundles - getClasspathEntries(Bundle=com.google.guava_31.1.0.jre [11])
2023-04-15 17:54:17,456 [Worker-31: Launching mavenrun-0645b4fb-c8c7-4393-992a-9e5be8da9775] INFO  o.eclipse.m2e.core.internal.Bundles - 	Entry: C:\Users\ACER\.p2\pool\plugins\com.google.guava_31.1.0.jre.jar
2023-04-15 17:54:17,456 [Worker-31: Launching mavenrun-0645b4fb-c8c7-4393-992a-9e5be8da9775] INFO  o.eclipse.m2e.core.internal.Bundles - getClasspathEntries(Bundle=slf4j.api_1.7.36 [921])
2023-04-15 17:54:17,456 [Worker-31: Launching mavenrun-0645b4fb-c8c7-4393-992a-9e5be8da9775] INFO  o.eclipse.m2e.core.internal.Bundles - 	Entry: C:\Users\ACER\.p2\pool\plugins\slf4j.api_1.7.36.jar
2023-04-15 17:54:17,456 [Worker-31: Launching mavenrun-0645b4fb-c8c7-4393-992a-9e5be8da9775] INFO  o.eclipse.m2e.core.internal.Bundles - getClasspathEntries(Bundle=javax.inject_1.0.0.v20220405-0441 [35])
2023-04-15 17:54:17,456 [Worker-31: Launching mavenrun-0645b4fb-c8c7-4393-992a-9e5be8da9775] INFO  o.eclipse.m2e.core.internal.Bundles - 	Entry: C:\Users\ACER\.p2\pool\plugins\javax.inject_1.0.0.v20220405-0441.jar
2023-04-15 17:54:17,456 [Worker-31: Launching mavenrun-0645b4fb-c8c7-4393-992a-9e5be8da9775] INFO  o.eclipse.m2e.core.internal.Bundles - getClasspathEntries(Bundle=javax.annotation_1.3.5.v20221203-1659 [33])
2023-04-15 17:54:17,457 [Worker-31: Launching mavenrun-0645b4fb-c8c7-4393-992a-9e5be8da9775] INFO  o.eclipse.m2e.core.internal.Bundles - 	Entry: C:\Users\ACER\.p2\pool\plugins\javax.annotation_1.3.5.v20221203-1659.jar
2023-04-15 17:54:17,457 [Worker-31: Launching mavenrun-0645b4fb-c8c7-4393-992a-9e5be8da9775] INFO  o.eclipse.m2e.core.internal.Bundles - getClasspathEntries(Bundle=org.apache.commons.cli_1.4.0.v20221112-0806 [67])
2023-04-15 17:54:17,457 [Worker-31: Launching mavenrun-0645b4fb-c8c7-4393-992a-9e5be8da9775] INFO  o.eclipse.m2e.core.internal.Bundles - 	Entry: C:\Users\ACER\.p2\pool\plugins\org.apache.commons.cli_1.4.0.v20221112-0806.jar
2023-04-15 17:54:17,457 [Worker-31: Launching mavenrun-0645b4fb-c8c7-4393-992a-9e5be8da9775] INFO  o.eclipse.m2e.core.internal.Bundles - getClasspathEntries(Bundle=com.google.guava.failureaccess_1.0.1 [13])
2023-04-15 17:54:17,457 [Worker-31: Launching mavenrun-0645b4fb-c8c7-4393-992a-9e5be8da9775] INFO  o.eclipse.m2e.core.internal.Bundles - 	Entry: C:\Users\ACER\.p2\pool\plugins\com.google.guava.failureaccess_1.0.1.jar
2023-04-15 17:54:17,465 [Worker-31: Launching mavenrun-0645b4fb-c8c7-4393-992a-9e5be8da9775] INFO  o.e.m.i.launch.MavenLaunchDelegate - Run build in "C:\Users\ACER\AppData\Local\Temp\m2e-archetypeGenerator18167959791094958029":
2023-04-15 17:54:17,469 [Worker-31: Launching mavenrun-0645b4fb-c8c7-4393-992a-9e5be8da9775] INFO  o.e.m.i.launch.MavenLaunchDelegate -  mvn  -DarchetypeGroupId=org.apache.maven.archetypes -DarchetypeArtifactId=maven-archetype-quickstart -DarchetypeVersion=1.4 -DgroupId=project.java -DartifactId=orders -Dversion=0.0.1-SNAPSHOT -Dpackage=project.java.orders -DoutputDirectory="C:\JavaFX\Web ban hang\Sourcecode" -Dstyle.color=always -U archetype:generate
2023-04-15 17:54:26,402 [Worker-13: Creating maven-archetype-quickstart] INFO  o.e.m.c.i.p.ProjectConfigurationManager - Collecting project info '/pom.xml' C:\JavaFX\Web ban hang\Sourcecode\orders\pom.xml
2023-04-15 17:54:26,884 [Worker-13: Creating maven-archetype-quickstart] INFO  o.e.m.c.i.l.LifecycleMappingFactory - Using org.eclipse.m2e.jdt.JarLifecycleMapping lifecycle mapping for MavenProject: project.java:orders:0.0.1-SNAPSHOT @ C:\JavaFX\Web ban hang\Sourcecode\orders\pom.xml.
2023-04-15 17:54:27,210 [Worker-13: Creating maven-archetype-quickstart] INFO  o.e.m.j.i.AbstractJavaProjectConfigurator - Adding source folder /orders/src/main/java
2023-04-15 17:54:27,218 [Worker-13: Creating maven-archetype-quickstart] INFO  o.e.m.j.i.AbstractJavaProjectConfigurator - Adding source folder /orders/src/test/java
2023-04-15 17:54:27,307 [Worker-13: Creating maven-archetype-quickstart] INFO  o.e.m.c.i.p.ProjectConfigurationManager - Imported and configured 1 project(s) in 0 sec
2023-04-15 17:54:28,022 [Worker-34: Building] INFO  o.e.m.c.i.embedder.EclipseLogger - Using 'UTF-8' encoding to copy filtered resources.
2023-04-15 17:54:28,022 [Worker-34: Building] INFO  o.e.m.c.i.embedder.EclipseLogger - skip non existing resourceDirectory C:\JavaFX\Web ban hang\Sourcecode\orders\src\main\resources
2023-04-15 17:54:28,026 [Worker-34: Building] INFO  o.e.m.c.i.embedder.EclipseLogger - Using 'UTF-8' encoding to copy filtered resources.
2023-04-15 17:54:28,026 [Worker-34: Building] INFO  o.e.m.c.i.embedder.EclipseLogger - skip non existing resourceDirectory C:\JavaFX\Web ban hang\Sourcecode\orders\src\test\resources
2023-04-15 18:00:16,053 [Worker-31: Building] INFO  o.e.m.c.i.embedder.EclipseLogger - Using 'UTF-8' encoding to copy filtered resources.
2023-04-15 18:00:16,054 [Worker-31: Building] INFO  o.e.m.c.i.embedder.EclipseLogger - skip non existing resourceDirectory C:\JavaFX\Web ban hang\Sourcecode\orders\src\main\resources
2023-04-15 18:00:16,057 [Worker-31: Building] INFO  o.e.m.c.i.embedder.EclipseLogger - Using 'UTF-8' encoding to copy filtered resources.
2023-04-15 18:00:16,057 [Worker-31: Building] INFO  o.e.m.c.i.embedder.EclipseLogger - skip non existing resourceDirectory C:\JavaFX\Web ban hang\Sourcecode\orders\src\test\resources
2023-04-15 18:01:14,175 [Worker-38: Building] INFO  o.e.m.c.i.embedder.EclipseLogger - Using 'UTF-8' encoding to copy filtered resources.
2023-04-15 18:01:14,175 [Worker-38: Building] INFO  o.e.m.c.i.embedder.EclipseLogger - skip non existing resourceDirectory C:\JavaFX\Web ban hang\Sourcecode\orders\src\main\resources
2023-04-15 18:01:14,178 [Worker-38: Building] INFO  o.e.m.c.i.embedder.EclipseLogger - Using 'UTF-8' encoding to copy filtered resources.
2023-04-15 18:01:14,179 [Worker-38: Building] INFO  o.e.m.c.i.embedder.EclipseLogger - skip non existing resourceDirectory C:\JavaFX\Web ban hang\Sourcecode\orders\src\test\resources
2023-04-15 18:02:14,155 [Worker-37: Building] INFO  o.e.m.c.i.embedder.EclipseLogger - Using 'UTF-8' encoding to copy filtered resources.
2023-04-15 18:02:14,155 [Worker-37: Building] INFO  o.e.m.c.i.embedder.EclipseLogger - skip non existing resourceDirectory C:\JavaFX\Web ban hang\Sourcecode\orders\src\main\resources
2023-04-15 18:02:14,157 [Worker-37: Building] INFO  o.e.m.c.i.embedder.EclipseLogger - Using 'UTF-8' encoding to copy filtered resources.
2023-04-15 18:02:14,157 [Worker-37: Building] INFO  o.e.m.c.i.embedder.EclipseLogger - skip non existing resourceDirectory C:\JavaFX\Web ban hang\Sourcecode\orders\src\test\resources
2023-04-15 18:02:57,357 [Worker-36: Building] INFO  o.e.m.c.i.embedder.EclipseLogger - Using 'UTF-8' encoding to copy filtered resources.
2023-04-15 18:02:57,357 [Worker-36: Building] INFO  o.e.m.c.i.embedder.EclipseLogger - skip non existing resourceDirectory C:\JavaFX\Web ban hang\Sourcecode\orders\src\main\resources
2023-04-15 18:02:57,359 [Worker-36: Building] INFO  o.e.m.c.i.embedder.EclipseLogger - Using 'UTF-8' encoding to copy filtered resources.
2023-04-15 18:02:57,359 [Worker-36: Building] INFO  o.e.m.c.i.embedder.EclipseLogger - skip non existing resourceDirectory C:\JavaFX\Web ban hang\Sourcecode\orders\src\test\resources
2023-04-15 18:05:38,557 [Worker-31: Building] INFO  o.e.m.c.i.embedder.EclipseLogger - Using 'UTF-8' encoding to copy filtered resources.
2023-04-15 18:05:38,558 [Worker-31: Building] INFO  o.e.m.c.i.embedder.EclipseLogger - skip non existing resourceDirectory C:\JavaFX\Web ban hang\Sourcecode\orders\src\main\resources
2023-04-15 18:05:38,560 [Worker-31: Building] INFO  o.e.m.c.i.embedder.EclipseLogger - Using 'UTF-8' encoding to copy filtered resources.
2023-04-15 18:05:38,560 [Worker-31: Building] INFO  o.e.m.c.i.embedder.EclipseLogger - skip non existing resourceDirectory C:\JavaFX\Web ban hang\Sourcecode\orders\src\test\resources
2023-04-15 18:05:48,384 [Worker-31: Building] INFO  o.e.m.c.i.embedder.EclipseLogger - Using 'UTF-8' encoding to copy filtered resources.
2023-04-15 18:05:48,384 [Worker-31: Building] INFO  o.e.m.c.i.embedder.EclipseLogger - skip non existing resourceDirectory C:\JavaFX\Web ban hang\Sourcecode\orders\src\main\resources
2023-04-15 18:05:48,385 [Worker-31: Building] INFO  o.e.m.c.i.embedder.EclipseLogger - Using 'UTF-8' encoding to copy filtered resources.
2023-04-15 18:05:48,385 [Worker-31: Building] INFO  o.e.m.c.i.embedder.EclipseLogger - skip non existing resourceDirectory C:\JavaFX\Web ban hang\Sourcecode\orders\src\test\resources
2023-04-15 18:06:43,162 [Worker-31: Building] INFO  o.e.m.c.i.embedder.EclipseLogger - Using 'UTF-8' encoding to copy filtered resources.
2023-04-15 18:06:43,162 [Worker-31: Building] INFO  o.e.m.c.i.embedder.EclipseLogger - skip non existing resourceDirectory C:\JavaFX\Web ban hang\Sourcecode\orders\src\main\resources
2023-04-15 18:06:43,163 [Worker-31: Building] INFO  o.e.m.c.i.embedder.EclipseLogger - Using 'UTF-8' encoding to copy filtered resources.
2023-04-15 18:06:43,163 [Worker-31: Building] INFO  o.e.m.c.i.embedder.EclipseLogger - skip non existing resourceDirectory C:\JavaFX\Web ban hang\Sourcecode\orders\src\test\resources
2023-04-15 18:06:50,533 [Worker-35: Launching App] INFO  o.e.m.c.i.embedder.EclipseLogger - Using 'UTF-8' encoding to copy filtered resources.
2023-04-15 18:06:50,533 [Worker-35: Launching App] INFO  o.e.m.c.i.embedder.EclipseLogger - skip non existing resourceDirectory C:\JavaFX\Web ban hang\Sourcecode\orders\src\main\resources
2023-04-15 18:06:50,535 [Worker-35: Launching App] INFO  o.e.m.c.i.embedder.EclipseLogger - Using 'UTF-8' encoding to copy filtered resources.
2023-04-15 18:06:50,535 [Worker-35: Launching App] INFO  o.e.m.c.i.embedder.EclipseLogger - skip non existing resourceDirectory C:\JavaFX\Web ban hang\Sourcecode\orders\src\test\resources
2023-04-15 18:09:02,798 [Worker-35: Building] INFO  o.e.m.c.i.embedder.EclipseLogger - Using 'UTF-8' encoding to copy filtered resources.
2023-04-15 18:09:02,798 [Worker-35: Building] INFO  o.e.m.c.i.embedder.EclipseLogger - skip non existing resourceDirectory C:\JavaFX\Web ban hang\Sourcecode\orders\src\main\resources
2023-04-15 18:09:02,799 [Worker-35: Building] INFO  o.e.m.c.i.embedder.EclipseLogger - Using 'UTF-8' encoding to copy filtered resources.
2023-04-15 18:09:02,800 [Worker-35: Building] INFO  o.e.m.c.i.embedder.EclipseLogger - skip non existing resourceDirectory C:\JavaFX\Web ban hang\Sourcecode\orders\src\test\resources
2023-04-15 18:09:20,956 [Worker-37: Building] INFO  o.e.m.c.i.embedder.EclipseLogger - Using 'UTF-8' encoding to copy filtered resources.
2023-04-15 18:09:20,956 [Worker-37: Building] INFO  o.e.m.c.i.embedder.EclipseLogger - skip non existing resourceDirectory C:\JavaFX\Web ban hang\Sourcecode\orders\src\main\resources
2023-04-15 18:09:20,957 [Worker-37: Building] INFO  o.e.m.c.i.embedder.EclipseLogger - Using 'UTF-8' encoding to copy filtered resources.
2023-04-15 18:09:20,957 [Worker-37: Building] INFO  o.e.m.c.i.embedder.EclipseLogger - skip non existing resourceDirectory C:\JavaFX\Web ban hang\Sourcecode\orders\src\test\resources
2023-04-15 18:13:17,811 [Worker-42: Building] INFO  o.e.m.c.i.embedder.EclipseLogger - Using 'UTF-8' encoding to copy filtered resources.
2023-04-15 18:13:17,812 [Worker-42: Building] INFO  o.e.m.c.i.embedder.EclipseLogger - skip non existing resourceDirectory C:\JavaFX\Web ban hang\Sourcecode\orders\src\main\resources
2023-04-15 18:13:17,813 [Worker-42: Building] INFO  o.e.m.c.i.embedder.EclipseLogger - Using 'UTF-8' encoding to copy filtered resources.
2023-04-15 18:13:17,813 [Worker-42: Building] INFO  o.e.m.c.i.embedder.EclipseLogger - skip non existing resourceDirectory C:\JavaFX\Web ban hang\Sourcecode\orders\src\test\resources
2023-04-15 18:14:04,025 [Worker-43: Building] INFO  o.e.m.c.i.embedder.EclipseLogger - Using 'UTF-8' encoding to copy filtered resources.
2023-04-15 18:14:04,025 [Worker-43: Building] INFO  o.e.m.c.i.embedder.EclipseLogger - skip non existing resourceDirectory C:\JavaFX\Web ban hang\Sourcecode\orders\src\main\resources
2023-04-15 18:14:04,027 [Worker-43: Building] INFO  o.e.m.c.i.embedder.EclipseLogger - Using 'UTF-8' encoding to copy filtered resources.
2023-04-15 18:14:04,027 [Worker-43: Building] INFO  o.e.m.c.i.embedder.EclipseLogger - skip non existing resourceDirectory C:\JavaFX\Web ban hang\Sourcecode\orders\src\test\resources
2023-04-15 18:15:39,210 [Worker-31: Building] INFO  o.e.m.c.i.embedder.EclipseLogger - Using 'UTF-8' encoding to copy filtered resources.
2023-04-15 18:15:39,210 [Worker-31: Building] INFO  o.e.m.c.i.embedder.EclipseLogger - skip non existing resourceDirectory C:\JavaFX\Web ban hang\Sourcecode\orders\src\main\resources
2023-04-15 18:15:39,212 [Worker-31: Building] INFO  o.e.m.c.i.embedder.EclipseLogger - Using 'UTF-8' encoding to copy filtered resources.
2023-04-15 18:15:39,212 [Worker-31: Building] INFO  o.e.m.c.i.embedder.EclipseLogger - skip non existing resourceDirectory C:\JavaFX\Web ban hang\Sourcecode\orders\src\test\resources
2023-04-15 18:16:17,367 [Worker-31: Building] INFO  o.e.m.c.i.embedder.EclipseLogger - Using 'UTF-8' encoding to copy filtered resources.
2023-04-15 18:16:17,367 [Worker-31: Building] INFO  o.e.m.c.i.embedder.EclipseLogger - skip non existing resourceDirectory C:\JavaFX\Web ban hang\Sourcecode\orders\src\main\resources
2023-04-15 18:16:17,368 [Worker-31: Building] INFO  o.e.m.c.i.embedder.EclipseLogger - Using 'UTF-8' encoding to copy filtered resources.
2023-04-15 18:16:17,368 [Worker-31: Building] INFO  o.e.m.c.i.embedder.EclipseLogger - skip non existing resourceDirectory C:\JavaFX\Web ban hang\Sourcecode\orders\src\test\resources
2023-04-15 18:29:06,206 [Worker-46: Building] INFO  o.e.m.c.i.embedder.EclipseLogger - Using 'UTF-8' encoding to copy filtered resources.
2023-04-15 18:29:06,207 [Worker-46: Building] INFO  o.e.m.c.i.embedder.EclipseLogger - skip non existing resourceDirectory C:\JavaFX\Web ban hang\Sourcecode\orders\src\main\resources
2023-04-15 18:29:06,208 [Worker-46: Building] INFO  o.e.m.c.i.embedder.EclipseLogger - Using 'UTF-8' encoding to copy filtered resources.
2023-04-15 18:29:06,208 [Worker-46: Building] INFO  o.e.m.c.i.embedder.EclipseLogger - skip non existing resourceDirectory C:\JavaFX\Web ban hang\Sourcecode\orders\src\test\resources
2023-04-15 18:30:27,983 [Worker-55: Building] INFO  o.e.m.c.i.embedder.EclipseLogger - Using 'UTF-8' encoding to copy filtered resources.
2023-04-15 18:30:27,984 [Worker-55: Building] INFO  o.e.m.c.i.embedder.EclipseLogger - skip non existing resourceDirectory C:\JavaFX\Web ban hang\Sourcecode\orders\src\main\resources
2023-04-15 18:30:27,987 [Worker-55: Building] INFO  o.e.m.c.i.embedder.EclipseLogger - Using 'UTF-8' encoding to copy filtered resources.
2023-04-15 18:30:27,987 [Worker-55: Building] INFO  o.e.m.c.i.embedder.EclipseLogger - skip non existing resourceDirectory C:\JavaFX\Web ban hang\Sourcecode\orders\src\test\resources
